<?xml version="1.0" encoding="UTF-8"?>
<!-- Generated by org.testng.reporters.JUnitReportReporter -->
<testsuite hostname="kuldy" failures="0" tests="3" name="com.vtiger.login.Tests.Abtest1" time="0.080" errors="0" timestamp="11 Oct 2018 22:46:44 GMT" skipped="0">
  <testcase classname="com.vtiger.login.Tests.Abtest1" name="add" time="0.049"/>
  <testcase classname="com.vtiger.login.Tests.Abtest1" name="sub" time="0.015"/>
  <testcase classname="com.vtiger.login.Tests.Abtest1" name="mul" time="0.016"/>
</testsuite> <!-- com.vtiger.login.Tests.Abtest1 -->
