<?xml version="1.0" encoding="UTF-8"?>
<!-- Generated by org.testng.reporters.JUnitReportReporter -->
<testsuite hostname="kuldy" failures="0" tests="3" name="com.vtiger.fileutil.AbTest2" time="0.064" errors="0" timestamp="11 Oct 2018 08:58:10 GMT" skipped="0">
  <testcase classname="com.vtiger.fileutil.AbTest2" name="add" time="0.037"/>
  <testcase classname="com.vtiger.fileutil.AbTest2" name="sub" time="0.007"/>
  <testcase classname="com.vtiger.fileutil.AbTest2" name="mul" time="0.020"/>
</testsuite> <!-- com.vtiger.fileutil.AbTest2 -->
