<?xml version="1.0" encoding="UTF-8"?>
<!-- Generated by org.testng.reporters.JUnitReportReporter -->
<testsuite hostname="kuldy" failures="0" tests="3" name="com.vtiger.login.MavenDemo2" time="0.045" errors="0" timestamp="12 Oct 2018 00:54:51 GMT" skipped="0">
  <testcase classname="com.vtiger.login.MavenDemo2" name="mul" time="0.006"/>
  <testcase classname="com.vtiger.login.MavenDemo2" name="sub" time="0.009"/>
  <testcase classname="com.vtiger.login.MavenDemo2" name="add" time="0.030"/>
</testsuite> <!-- com.vtiger.login.MavenDemo2 -->
