<?xml version="1.0" encoding="UTF-8"?>
<!-- Generated by org.testng.reporters.JUnitReportReporter -->
<testsuite hostname="kuldy" failures="0" tests="3" name="com.vtiger.login.Demotest1" time="0.057" errors="0" timestamp="11 Oct 2018 07:48:04 GMT" skipped="0">
  <testcase classname="com.vtiger.login.Demotest1" name="sub" time="0.004"/>
  <testcase classname="com.vtiger.login.Demotest1" name="mul" time="0.007"/>
  <testcase classname="com.vtiger.login.Demotest1" name="add" time="0.046"/>
</testsuite> <!-- com.vtiger.login.Demotest1 -->
