<?xml version="1.0" encoding="UTF-8"?>
<!-- Generated by org.testng.reporters.JUnitReportReporter -->
<testsuite hostname="kuldy" failures="0" tests="3" name="com.vtiger.login.MavenDemo" time="0.020" errors="0" timestamp="12 Oct 2018 00:54:51 GMT" skipped="0">
  <testcase classname="com.vtiger.login.MavenDemo" name="mul" time="0.010"/>
  <testcase classname="com.vtiger.login.MavenDemo" name="sub" time="0.005"/>
  <testcase classname="com.vtiger.login.MavenDemo" name="add" time="0.005"/>
</testsuite> <!-- com.vtiger.login.MavenDemo -->
